State 0:
          start ::= * definitions
     (39) definitions ::= *
          definitions ::= * definitions actor

                         start accept
                   definitions shift        3      
                     {default} reduce       39     definitions ::=

State 1:
          state_labeled_seq ::= state_label state_defs * state_jump NL
          state_defs ::= state_defs * state_def NL
          state_def ::= * str str int
          state_def ::= * str str int str
          state_jump ::= * LOOP
          state_jump ::= * STOP
          state_jump ::= * GOTO str
          state_jump ::= * GOTO str PLUS int
          str ::= * STR

                          LOOP shift-reduce 30     state_jump ::= LOOP
                          STOP shift-reduce 31     state_jump ::= STOP
                          GOTO shift        13     
                           STR shift-reduce 34     str ::= STR
                           str shift        16     
                    state_jump shift        39     
                     state_def shift        38     

State 2:
          actor_property ::= STATES NL L_BRACE NL state_seqs * R_BRACE
          state_seqs ::= state_seqs * state_labeled_seq
          state_labeled_seq ::= * state_label state_defs state_jump NL
          state_label ::= * str COLON NL
          str ::= * STR

                       R_BRACE shift-reduce 26     actor_property ::= STATES NL L_BRACE NL state_seqs R_BRACE
                           STR shift-reduce 34     str ::= STR
                           str shift        36     
             state_labeled_seq shift-reduce 48     state_seqs ::= state_seqs state_labeled_seq
                   state_label shift        31     

State 3:
     (38) start ::= definitions *
          definitions ::= definitions * actor
          actor ::= * actor_init construction doomednum NL L_BRACE NL actor_properties R_BRACE NL
          actor ::= * NL
          actor ::= * SEMICOLON
          actor_init ::= * ACTOR

                             $ reduce       38     start ::= definitions
                            NL shift-reduce 41     actor ::= NL
                     SEMICOLON shift-reduce 42     actor ::= SEMICOLON
                         ACTOR shift-reduce 1      actor_init ::= ACTOR
                         actor shift-reduce 40     definitions ::= definitions actor
                    actor_init shift        5      

State 4:
          actor ::= actor_init construction * doomednum NL L_BRACE NL actor_properties R_BRACE NL
     (43) doomednum ::= *
          doomednum ::= * int
          int ::= * INT

                           INT shift-reduce 35     int ::= INT
                           int shift-reduce 4      doomednum ::= int
                     doomednum shift        47     
                     {default} reduce       43     doomednum ::=

State 5:
          actor ::= actor_init * construction doomednum NL L_BRACE NL actor_properties R_BRACE NL
          construction ::= * str
          construction ::= * str COLON str
          str ::= * STR

                           STR shift-reduce 34     str ::= STR
                           str shift        34     
                  construction shift        4      

State 6:
          actor ::= actor_init construction doomednum NL L_BRACE NL actor_properties * R_BRACE NL
          actor_properties ::= actor_properties * actor_property NL
     (46) actor_property ::= *
          actor_property ::= * OBITUARY str
          actor_property ::= * HITOBITUARY str
          actor_property ::= * MODEL str
          actor_property ::= * HEALTH int
          actor_property ::= * REACTIONTIME int
          actor_property ::= * PAINCHANCE int
          actor_property ::= * SPEED num
          actor_property ::= * DAMAGE int
          actor_property ::= * RADIUS num
          actor_property ::= * HEIGHT num
          actor_property ::= * MASS num
          actor_property ::= * SEESOUND str
          actor_property ::= * ATTACKSOUND str
          actor_property ::= * PAINSOUND str
          actor_property ::= * DEATHSOUND str
          actor_property ::= * ACTIVESOUND str
          actor_property ::= * CLEARFLAGS
          actor_property ::= * MONSTER
          actor_property ::= * PROJECTILE
          actor_property ::= * PLUS str
          actor_property ::= * MINUS str
          actor_property ::= * STATES NL L_BRACE NL state_seqs R_BRACE

                       R_BRACE shift        44     
                      OBITUARY shift        30     
                   HITOBITUARY shift        29     
                         MODEL shift        28     
                        HEALTH shift        27     
                  REACTIONTIME shift        26     
                    PAINCHANCE shift        25     
                         SPEED shift        10     
                        DAMAGE shift        24     
                        RADIUS shift        9      
                        HEIGHT shift        8      
                          MASS shift        7      
                      SEESOUND shift        23     
                   ATTACKSOUND shift        22     
                     PAINSOUND shift        21     
                    DEATHSOUND shift        20     
                   ACTIVESOUND shift        19     
                    CLEARFLAGS shift-reduce 21     actor_property ::= CLEARFLAGS
                       MONSTER shift-reduce 22     actor_property ::= MONSTER
                    PROJECTILE shift-reduce 23     actor_property ::= PROJECTILE
                          PLUS shift        18     
                         MINUS shift        17     
                        STATES shift        42     
                actor_property shift        43     
                     {default} reduce       46     actor_property ::=

State 7:
          actor_property ::= MASS * num
          num ::= * FLOAT
          num ::= * INT

                           INT shift-reduce 37     num ::= INT
                         FLOAT shift-reduce 36     num ::= FLOAT
                           num shift-reduce 15     actor_property ::= MASS num

State 8:
          actor_property ::= HEIGHT * num
          num ::= * FLOAT
          num ::= * INT

                           INT shift-reduce 37     num ::= INT
                         FLOAT shift-reduce 36     num ::= FLOAT
                           num shift-reduce 14     actor_property ::= HEIGHT num

State 9:
          actor_property ::= RADIUS * num
          num ::= * FLOAT
          num ::= * INT

                           INT shift-reduce 37     num ::= INT
                         FLOAT shift-reduce 36     num ::= FLOAT
                           num shift-reduce 13     actor_property ::= RADIUS num

State 10:
          actor_property ::= SPEED * num
          num ::= * FLOAT
          num ::= * INT

                           INT shift-reduce 37     num ::= INT
                         FLOAT shift-reduce 36     num ::= FLOAT
                           num shift-reduce 11     actor_property ::= SPEED num

State 11:
          construction ::= str COLON * str
          str ::= * STR

                           STR shift-reduce 34     str ::= STR
                           str shift-reduce 3      construction ::= str COLON str

State 12:
          state_jump ::= GOTO str PLUS * int
          int ::= * INT

                           INT shift-reduce 35     int ::= INT
                           int shift-reduce 33     state_jump ::= GOTO str PLUS int

State 13:
          state_jump ::= GOTO * str
          state_jump ::= GOTO * str PLUS int
          str ::= * STR

                           STR shift-reduce 34     str ::= STR
                           str shift        37     

State 14:
     (28) state_def ::= str str int *
          state_def ::= str str int * str
          str ::= * STR

                           STR shift-reduce 34     str ::= STR
                           str shift-reduce 29     state_def ::= str str int str
                     {default} reduce       28     state_def ::= str str int

State 15:
          state_def ::= str str * int
          state_def ::= str str * int str
          int ::= * INT

                           INT shift-reduce 35     int ::= INT
                           int shift        14     

State 16:
          state_def ::= str * str int
          state_def ::= str * str int str
          str ::= * STR

                           STR shift-reduce 34     str ::= STR
                           str shift        15     

State 17:
          actor_property ::= MINUS * str
          str ::= * STR

                           STR shift-reduce 34     str ::= STR
                           str shift-reduce 25     actor_property ::= MINUS str

State 18:
          actor_property ::= PLUS * str
          str ::= * STR

                           STR shift-reduce 34     str ::= STR
                           str shift-reduce 24     actor_property ::= PLUS str

State 19:
          actor_property ::= ACTIVESOUND * str
          str ::= * STR

                           STR shift-reduce 34     str ::= STR
                           str shift-reduce 20     actor_property ::= ACTIVESOUND str

State 20:
          actor_property ::= DEATHSOUND * str
          str ::= * STR

                           STR shift-reduce 34     str ::= STR
                           str shift-reduce 19     actor_property ::= DEATHSOUND str

State 21:
          actor_property ::= PAINSOUND * str
          str ::= * STR

                           STR shift-reduce 34     str ::= STR
                           str shift-reduce 18     actor_property ::= PAINSOUND str

State 22:
          actor_property ::= ATTACKSOUND * str
          str ::= * STR

                           STR shift-reduce 34     str ::= STR
                           str shift-reduce 17     actor_property ::= ATTACKSOUND str

State 23:
          actor_property ::= SEESOUND * str
          str ::= * STR

                           STR shift-reduce 34     str ::= STR
                           str shift-reduce 16     actor_property ::= SEESOUND str

State 24:
          actor_property ::= DAMAGE * int
          int ::= * INT

                           INT shift-reduce 35     int ::= INT
                           int shift-reduce 12     actor_property ::= DAMAGE int

State 25:
          actor_property ::= PAINCHANCE * int
          int ::= * INT

                           INT shift-reduce 35     int ::= INT
                           int shift-reduce 10     actor_property ::= PAINCHANCE int

State 26:
          actor_property ::= REACTIONTIME * int
          int ::= * INT

                           INT shift-reduce 35     int ::= INT
                           int shift-reduce 9      actor_property ::= REACTIONTIME int

State 27:
          actor_property ::= HEALTH * int
          int ::= * INT

                           INT shift-reduce 35     int ::= INT
                           int shift-reduce 8      actor_property ::= HEALTH int

State 28:
          actor_property ::= MODEL * str
          str ::= * STR

                           STR shift-reduce 34     str ::= STR
                           str shift-reduce 7      actor_property ::= MODEL str

State 29:
          actor_property ::= HITOBITUARY * str
          str ::= * STR

                           STR shift-reduce 34     str ::= STR
                           str shift-reduce 6      actor_property ::= HITOBITUARY str

State 30:
          actor_property ::= OBITUARY * str
          str ::= * STR

                           STR shift-reduce 34     str ::= STR
                           str shift-reduce 5      actor_property ::= OBITUARY str

State 31:
          state_labeled_seq ::= state_label * state_defs state_jump NL
     (50) state_defs ::= *
          state_defs ::= * state_defs state_def NL

                    state_defs shift        1      
                     {default} reduce       50     state_defs ::=

State 32:
          actor_property ::= STATES NL L_BRACE NL * state_seqs R_BRACE
     (47) state_seqs ::= *
          state_seqs ::= * state_seqs state_labeled_seq

                    state_seqs shift        2      
                     {default} reduce       47     state_seqs ::=

State 33:
          actor ::= actor_init construction doomednum NL L_BRACE NL * actor_properties R_BRACE NL
     (44) actor_properties ::= *
          actor_properties ::= * actor_properties actor_property NL

              actor_properties shift        6      
                     {default} reduce       44     actor_properties ::=

State 34:
      (2) construction ::= str *
          construction ::= str * COLON str

                         COLON shift        11     
                     {default} reduce       2      construction ::= str

State 35:
          state_label ::= str COLON * NL

                            NL shift-reduce 27     state_label ::= str COLON NL

State 36:
          state_label ::= str * COLON NL

                         COLON shift        35     

State 37:
     (32) state_jump ::= GOTO str *
          state_jump ::= GOTO str * PLUS int

                          PLUS shift        12     
                     {default} reduce       32     state_jump ::= GOTO str

State 38:
          state_defs ::= state_defs state_def * NL

                            NL shift-reduce 51     state_defs ::= state_defs state_def NL

State 39:
          state_labeled_seq ::= state_label state_defs state_jump * NL

                            NL shift-reduce 49     state_labeled_seq ::= state_label state_defs state_jump NL

State 40:
          actor_property ::= STATES NL L_BRACE * NL state_seqs R_BRACE

                            NL shift        32     

State 41:
          actor_property ::= STATES NL * L_BRACE NL state_seqs R_BRACE

                       L_BRACE shift        40     

State 42:
          actor_property ::= STATES * NL L_BRACE NL state_seqs R_BRACE

                            NL shift        41     

State 43:
          actor_properties ::= actor_properties actor_property * NL

                            NL shift-reduce 45     actor_properties ::= actor_properties actor_property NL

State 44:
          actor ::= actor_init construction doomednum NL L_BRACE NL actor_properties R_BRACE * NL

                            NL shift-reduce 0      actor ::= actor_init construction doomednum NL L_BRACE NL actor_properties R_BRACE NL

State 45:
          actor ::= actor_init construction doomednum NL L_BRACE * NL actor_properties R_BRACE NL

                            NL shift        33     

State 46:
          actor ::= actor_init construction doomednum NL * L_BRACE NL actor_properties R_BRACE NL

                       L_BRACE shift        45     

State 47:
          actor ::= actor_init construction doomednum * NL L_BRACE NL actor_properties R_BRACE NL

                            NL shift        46     

----------------------------------------------------
Symbols:
The first-set of non-terminals is shown after the name.

    0: $:
    1: NL
    2: L_BRACE
    3: R_BRACE
    4: SEMICOLON
    5: ACTOR
    6: COLON
    7: OBITUARY
    8: HITOBITUARY
    9: MODEL
   10: HEALTH
   11: REACTIONTIME
   12: PAINCHANCE
   13: SPEED
   14: DAMAGE
   15: RADIUS
   16: HEIGHT
   17: MASS
   18: SEESOUND
   19: ATTACKSOUND
   20: PAINSOUND
   21: DEATHSOUND
   22: ACTIVESOUND
   23: CLEARFLAGS
   24: MONSTER
   25: PROJECTILE
   26: PLUS
   27: MINUS
   28: STATES
   29: LOOP
   30: STOP
   31: GOTO
   32: STR
   33: INT
   34: FLOAT
   35: str: STR
   36: int: INT
   37: num: INT FLOAT
   38: start: <lambda> NL SEMICOLON ACTOR
   39: definitions: <lambda> NL SEMICOLON ACTOR
   40: actor: NL SEMICOLON ACTOR
   41: actor_init: ACTOR
   42: construction: STR
   43: doomednum: <lambda> INT
   44: actor_properties: <lambda> NL OBITUARY HITOBITUARY MODEL HEALTH REACTIONTIME PAINCHANCE SPEED DAMAGE RADIUS HEIGHT MASS SEESOUND ATTACKSOUND PAINSOUND DEATHSOUND ACTIVESOUND CLEARFLAGS MONSTER PROJECTILE PLUS MINUS STATES
   45: actor_property: <lambda> OBITUARY HITOBITUARY MODEL HEALTH REACTIONTIME PAINCHANCE SPEED DAMAGE RADIUS HEIGHT MASS SEESOUND ATTACKSOUND PAINSOUND DEATHSOUND ACTIVESOUND CLEARFLAGS MONSTER PROJECTILE PLUS MINUS STATES
   46: state_seqs: <lambda> STR
   47: state_labeled_seq: STR
   48: state_label: STR
   49: state_defs: <lambda> STR
   50: state_jump: LOOP STOP GOTO
   51: state_def: STR
----------------------------------------------------
Syntax-only Symbols:
The following symbols never carry semantic content.

$ NL L_BRACE R_BRACE SEMICOLON ACTOR COLON OBITUARY HITOBITUARY MODEL HEALTH
REACTIONTIME PAINCHANCE SPEED DAMAGE RADIUS HEIGHT MASS SEESOUND ATTACKSOUND
PAINSOUND DEATHSOUND ACTIVESOUND CLEARFLAGS MONSTER PROJECTILE PLUS MINUS
STATES LOOP STOP GOTO start definitions actor actor_init construction
doomednum actor_properties actor_property state_seqs state_labeled_seq
state_label state_defs state_jump state_def
----------------------------------------------------
Rules:
   0: actor ::= actor_init construction doomednum NL L_BRACE NL actor_properties R_BRACE NL.
   1: actor_init ::= ACTOR.
   2: construction ::= str.
   3: construction ::= str COLON str.
   4: doomednum ::= int.
   5: actor_property ::= OBITUARY str.
   6: actor_property ::= HITOBITUARY str.
   7: actor_property ::= MODEL str.
   8: actor_property ::= HEALTH int.
   9: actor_property ::= REACTIONTIME int.
  10: actor_property ::= PAINCHANCE int.
  11: actor_property ::= SPEED num.
  12: actor_property ::= DAMAGE int.
  13: actor_property ::= RADIUS num.
  14: actor_property ::= HEIGHT num.
  15: actor_property ::= MASS num.
  16: actor_property ::= SEESOUND str.
  17: actor_property ::= ATTACKSOUND str.
  18: actor_property ::= PAINSOUND str.
  19: actor_property ::= DEATHSOUND str.
  20: actor_property ::= ACTIVESOUND str.
  21: actor_property ::= CLEARFLAGS.
  22: actor_property ::= MONSTER.
  23: actor_property ::= PROJECTILE.
  24: actor_property ::= PLUS str.
  25: actor_property ::= MINUS str.
  26: actor_property ::= STATES NL L_BRACE NL state_seqs R_BRACE.
  27: state_label ::= str COLON NL.
  28: state_def ::= str str int.
  29: state_def ::= str str int str.
  30: state_jump ::= LOOP.
  31: state_jump ::= STOP.
  32: state_jump ::= GOTO str.
  33: state_jump ::= GOTO str PLUS int.
  34: str ::= STR.
  35: int ::= INT.
  36: num ::= FLOAT.
  37: num ::= INT.
  38: start ::= definitions.
  39: definitions ::=.
  40: definitions ::= definitions actor.
  41: actor ::= NL.
  42: actor ::= SEMICOLON.
  43: doomednum ::=.
  44: actor_properties ::=.
  45: actor_properties ::= actor_properties actor_property NL.
  46: actor_property ::=.
  47: state_seqs ::=.
  48: state_seqs ::= state_seqs state_labeled_seq.
  49: state_labeled_seq ::= state_label state_defs state_jump NL.
  50: state_defs ::=.
  51: state_defs ::= state_defs state_def NL.
