State 0:
          start ::= * definitions
     (25) definitions ::= *
          definitions ::= * definitions def

                         start accept
                   definitions shift        1      
                     {default} reduce       25     definitions ::=

State 1:
     (24) start ::= definitions *
          definitions ::= definitions * def
          def ::= * shader_name L_BRACE shader_props R_BRACE
          shader_name ::= * SHADER str
          def ::= * mat_type mat_name L_BRACE mat_props R_BRACE
          mat_type ::= * MATERIAL
          mat_type ::= * SPRITE
          def ::= * COLON

                             $ reduce       24     start ::= definitions
                        SHADER shift        20     
                      MATERIAL shift-reduce 6      mat_type ::= MATERIAL
                        SPRITE shift-reduce 7      mat_type ::= SPRITE
                         COLON shift-reduce 32     def ::= COLON
                           def shift-reduce 26     definitions ::= definitions def
                   shader_name shift        34     
                      mat_type shift        6      

State 2:
          shader_prop ::= shader_sourcetype * shader_sources SEMICOLON
          shader_sources ::= * shader_src
          shader_sources ::= * shader_sources shader_src
          shader_src ::= * str
          str ::= * STR

                           STR shift-reduce 20     str ::= STR
                           str shift-reduce 4      shader_src ::= str
                shader_sources shift        5      
                    shader_src shift        5        /* because shader_src==shader_sources */

State 3:
          def ::= mat_type mat_name L_BRACE mat_props * R_BRACE
          mat_props ::= mat_props * mat_prop
          mat_prop ::= * SHADER_REF str SEMICOLON
          mat_prop ::= * tex_unit L_BRACE tex_props R_BRACE
          tex_unit ::= * TEX_UNIT

                       R_BRACE shift-reduce 5      def ::= mat_type mat_name L_BRACE mat_props R_BRACE
                    SHADER_REF shift        19     
                      TEX_UNIT shift-reduce 11     tex_unit ::= TEX_UNIT
                      mat_prop shift-reduce 34     mat_props ::= mat_props mat_prop
                      tex_unit shift        31     

State 4:
          def ::= shader_name L_BRACE shader_props * R_BRACE
          shader_props ::= shader_props * shader_prop
          shader_prop ::= * shader_sourcetype shader_sources SEMICOLON
          shader_sourcetype ::= * V_SOURCE
          shader_sourcetype ::= * F_SOURCE

                       R_BRACE shift-reduce 0      def ::= shader_name L_BRACE shader_props R_BRACE
                      V_SOURCE shift-reduce 2      shader_sourcetype ::= V_SOURCE
                      F_SOURCE shift-reduce 3      shader_sourcetype ::= F_SOURCE
                   shader_prop shift-reduce 28     shader_props ::= shader_props shader_prop
             shader_sourcetype shift        2      

State 5:
          shader_prop ::= shader_sourcetype shader_sources * SEMICOLON
          shader_sources ::= shader_sources * shader_src
          shader_src ::= * str
          str ::= * STR

                     SEMICOLON shift-reduce 29     shader_prop ::= shader_sourcetype shader_sources SEMICOLON
                           STR shift-reduce 20     str ::= STR
                           str shift-reduce 4      shader_src ::= str
                    shader_src shift-reduce 31     shader_sources ::= shader_sources shader_src

State 6:
          def ::= mat_type * mat_name L_BRACE mat_props R_BRACE
          mat_name ::= * str
          str ::= * STR

                           STR shift-reduce 20     str ::= STR
                           str shift-reduce 8      mat_name ::= str
                      mat_name shift        33     

State 7:
          mat_prop ::= tex_unit L_BRACE tex_props * R_BRACE
          tex_props ::= tex_props * tex_prop
          tex_prop ::= * TEXTURE str SEMICOLON
          tex_prop ::= * WORLDSIZE num num SEMICOLON
          tex_prop ::= * SCALE num num SEMICOLON
          tex_prop ::= * SCALE num SEMICOLON
          tex_prop ::= * TEXELOFFSETS int SEMICOLON
          tex_prop ::= * OFFSET num num SEMICOLON
          tex_prop ::= * FILTERING str str SEMICOLON
          tex_prop ::= * MAX_ANISOTROPY num SEMICOLON

                       R_BRACE shift-reduce 10     mat_prop ::= tex_unit L_BRACE tex_props R_BRACE
                       TEXTURE shift        18     
                     WORLDSIZE shift        14     
                         SCALE shift        12     
                  TEXELOFFSETS shift        17     
                        OFFSET shift        11     
                     FILTERING shift        16     
                MAX_ANISOTROPY shift        9      
                      tex_prop shift-reduce 36     tex_props ::= tex_props tex_prop

State 8:
          tex_prop ::= SCALE num * num SEMICOLON
          tex_prop ::= SCALE num * SEMICOLON
          num ::= * FLOAT
          num ::= * INT

                     SEMICOLON shift-reduce 15     tex_prop ::= SCALE num SEMICOLON
                           INT shift-reduce 23     num ::= INT
                         FLOAT shift-reduce 22     num ::= FLOAT
                           num shift        28     

State 9:
          tex_prop ::= MAX_ANISOTROPY * num SEMICOLON
          num ::= * FLOAT
          num ::= * INT

                           INT shift-reduce 23     num ::= INT
                         FLOAT shift-reduce 22     num ::= FLOAT
                           num shift        24     

State 10:
          tex_prop ::= OFFSET num * num SEMICOLON
          num ::= * FLOAT
          num ::= * INT

                           INT shift-reduce 23     num ::= INT
                         FLOAT shift-reduce 22     num ::= FLOAT
                           num shift        26     

State 11:
          tex_prop ::= OFFSET * num num SEMICOLON
          num ::= * FLOAT
          num ::= * INT

                           INT shift-reduce 23     num ::= INT
                         FLOAT shift-reduce 22     num ::= FLOAT
                           num shift        10     

State 12:
          tex_prop ::= SCALE * num num SEMICOLON
          tex_prop ::= SCALE * num SEMICOLON
          num ::= * FLOAT
          num ::= * INT

                           INT shift-reduce 23     num ::= INT
                         FLOAT shift-reduce 22     num ::= FLOAT
                           num shift        8      

State 13:
          tex_prop ::= WORLDSIZE num * num SEMICOLON
          num ::= * FLOAT
          num ::= * INT

                           INT shift-reduce 23     num ::= INT
                         FLOAT shift-reduce 22     num ::= FLOAT
                           num shift        29     

State 14:
          tex_prop ::= WORLDSIZE * num num SEMICOLON
          num ::= * FLOAT
          num ::= * INT

                           INT shift-reduce 23     num ::= INT
                         FLOAT shift-reduce 22     num ::= FLOAT
                           num shift        13     

State 15:
          tex_prop ::= FILTERING str * str SEMICOLON
          str ::= * STR

                           STR shift-reduce 20     str ::= STR
                           str shift        25     

State 16:
          tex_prop ::= FILTERING * str str SEMICOLON
          str ::= * STR

                           STR shift-reduce 20     str ::= STR
                           str shift        15     

State 17:
          tex_prop ::= TEXELOFFSETS * int SEMICOLON
          int ::= * INT

                           INT shift-reduce 21     int ::= INT
                           int shift        27     

State 18:
          tex_prop ::= TEXTURE * str SEMICOLON
          str ::= * STR

                           STR shift-reduce 20     str ::= STR
                           str shift        30     

State 19:
          mat_prop ::= SHADER_REF * str SEMICOLON
          str ::= * STR

                           STR shift-reduce 20     str ::= STR
                           str shift        32     

State 20:
          shader_name ::= SHADER * str
          str ::= * STR

                           STR shift-reduce 20     str ::= STR
                           str shift-reduce 1      shader_name ::= SHADER str

State 21:
          mat_prop ::= tex_unit L_BRACE * tex_props R_BRACE
     (35) tex_props ::= *
          tex_props ::= * tex_props tex_prop

                     tex_props shift        7      
                     {default} reduce       35     tex_props ::=

State 22:
          def ::= mat_type mat_name L_BRACE * mat_props R_BRACE
     (33) mat_props ::= *
          mat_props ::= * mat_props mat_prop

                     mat_props shift        3      
                     {default} reduce       33     mat_props ::=

State 23:
          def ::= shader_name L_BRACE * shader_props R_BRACE
     (27) shader_props ::= *
          shader_props ::= * shader_props shader_prop

                  shader_props shift        4      
                     {default} reduce       27     shader_props ::=

State 24:
          tex_prop ::= MAX_ANISOTROPY num * SEMICOLON

                     SEMICOLON shift-reduce 19     tex_prop ::= MAX_ANISOTROPY num SEMICOLON

State 25:
          tex_prop ::= FILTERING str str * SEMICOLON

                     SEMICOLON shift-reduce 18     tex_prop ::= FILTERING str str SEMICOLON

State 26:
          tex_prop ::= OFFSET num num * SEMICOLON

                     SEMICOLON shift-reduce 17     tex_prop ::= OFFSET num num SEMICOLON

State 27:
          tex_prop ::= TEXELOFFSETS int * SEMICOLON

                     SEMICOLON shift-reduce 16     tex_prop ::= TEXELOFFSETS int SEMICOLON

State 28:
          tex_prop ::= SCALE num num * SEMICOLON

                     SEMICOLON shift-reduce 14     tex_prop ::= SCALE num num SEMICOLON

State 29:
          tex_prop ::= WORLDSIZE num num * SEMICOLON

                     SEMICOLON shift-reduce 13     tex_prop ::= WORLDSIZE num num SEMICOLON

State 30:
          tex_prop ::= TEXTURE str * SEMICOLON

                     SEMICOLON shift-reduce 12     tex_prop ::= TEXTURE str SEMICOLON

State 31:
          mat_prop ::= tex_unit * L_BRACE tex_props R_BRACE

                       L_BRACE shift        21     

State 32:
          mat_prop ::= SHADER_REF str * SEMICOLON

                     SEMICOLON shift-reduce 9      mat_prop ::= SHADER_REF str SEMICOLON

State 33:
          def ::= mat_type mat_name * L_BRACE mat_props R_BRACE

                       L_BRACE shift        22     

State 34:
          def ::= shader_name * L_BRACE shader_props R_BRACE

                       L_BRACE shift        23     

----------------------------------------------------
Symbols:
The first-set of non-terminals is shown after the name.

    0: $:
    1: L_BRACE
    2: R_BRACE
    3: SHADER
    4: SEMICOLON
    5: V_SOURCE
    6: F_SOURCE
    7: MATERIAL
    8: SPRITE
    9: COLON
   10: SHADER_REF
   11: TEX_UNIT
   12: TEXTURE
   13: WORLDSIZE
   14: SCALE
   15: TEXELOFFSETS
   16: OFFSET
   17: FILTERING
   18: MAX_ANISOTROPY
   19: STR
   20: INT
   21: FLOAT
   22: str: STR
   23: int: INT
   24: num: INT FLOAT
   25: start: <lambda> SHADER MATERIAL SPRITE COLON
   26: definitions: <lambda> SHADER MATERIAL SPRITE COLON
   27: def: SHADER MATERIAL SPRITE COLON
   28: shader_name: SHADER
   29: shader_props: <lambda> V_SOURCE F_SOURCE
   30: shader_prop: V_SOURCE F_SOURCE
   31: shader_sourcetype: V_SOURCE F_SOURCE
   32: shader_sources: STR
   33: shader_src: STR
   34: mat_type: MATERIAL SPRITE
   35: mat_name: STR
   36: mat_props: <lambda> SHADER_REF TEX_UNIT
   37: mat_prop: SHADER_REF TEX_UNIT
   38: tex_unit: TEX_UNIT
   39: tex_props: <lambda> TEXTURE WORLDSIZE SCALE TEXELOFFSETS OFFSET FILTERING MAX_ANISOTROPY
   40: tex_prop: TEXTURE WORLDSIZE SCALE TEXELOFFSETS OFFSET FILTERING MAX_ANISOTROPY
----------------------------------------------------
Syntax-only Symbols:
The following symbols never carry semantic content.

$ L_BRACE R_BRACE SHADER SEMICOLON V_SOURCE F_SOURCE MATERIAL SPRITE COLON
SHADER_REF TEX_UNIT TEXTURE WORLDSIZE SCALE TEXELOFFSETS OFFSET FILTERING
MAX_ANISOTROPY start definitions def shader_name shader_props shader_prop
shader_sourcetype shader_sources shader_src mat_type mat_name mat_props
mat_prop tex_unit tex_props tex_prop
----------------------------------------------------
Rules:
   0: def ::= shader_name L_BRACE shader_props R_BRACE.
   1: shader_name ::= SHADER str.
   2: shader_sourcetype ::= V_SOURCE.
   3: shader_sourcetype ::= F_SOURCE.
   4: shader_src ::= str.
   5: def ::= mat_type mat_name L_BRACE mat_props R_BRACE.
   6: mat_type ::= MATERIAL.
   7: mat_type ::= SPRITE.
   8: mat_name ::= str.
   9: mat_prop ::= SHADER_REF str SEMICOLON.
  10: mat_prop ::= tex_unit L_BRACE tex_props R_BRACE.
  11: tex_unit ::= TEX_UNIT.
  12: tex_prop ::= TEXTURE str SEMICOLON.
  13: tex_prop ::= WORLDSIZE num num SEMICOLON.
  14: tex_prop ::= SCALE num num SEMICOLON.
  15: tex_prop ::= SCALE num SEMICOLON.
  16: tex_prop ::= TEXELOFFSETS int SEMICOLON.
  17: tex_prop ::= OFFSET num num SEMICOLON.
  18: tex_prop ::= FILTERING str str SEMICOLON.
  19: tex_prop ::= MAX_ANISOTROPY num SEMICOLON.
  20: str ::= STR.
  21: int ::= INT.
  22: num ::= FLOAT.
  23: num ::= INT.
  24: start ::= definitions.
  25: definitions ::=.
  26: definitions ::= definitions def.
  27: shader_props ::=.
  28: shader_props ::= shader_props shader_prop.
  29: shader_prop ::= shader_sourcetype shader_sources SEMICOLON.
  30: shader_sources ::= shader_src.
  31: shader_sources ::= shader_sources shader_src.
  32: def ::= COLON.
  33: mat_props ::=.
  34: mat_props ::= mat_props mat_prop.
  35: tex_props ::=.
  36: tex_props ::= tex_props tex_prop.
